<?xml version="1.0" encoding="UTF-8"?>
<!-- Generated by org.testng.reporters.JUnitXMLReporter -->
<testsuite hostname="paresh-PC" name="login_logout" tests="1" failures="1" timestamp="6 Jul 2016 10:05:19 GMT" time="0.302" errors="0">
  <testcase name="compose" time="0.284" classname="com.ee.mavenlearning.com.ee.gmail.compose_mail">
    <failure type="org.testng.TestNGException" message="
The data provider is trying to pass 2 parameters but the method com.ee.mavenlearning.com.ee.gmail.compose_mail#compose takes 5 and TestNG is unable in inject a suitable object">
      <![CDATA[org.testng.TestNGException: 
The data provider is trying to pass 2 parameters but the method com.ee.mavenlearning.com.ee.gmail.compose_mail#compose takes 5 and TestNG is unable in inject a suitable object
Caused by: java.lang.ArrayIndexOutOfBoundsException: 2
	... 17 more
... Removed 19 stack frames]]>
    </failure>
  </testcase> <!-- compose -->
</testsuite> <!-- login_logout -->
