<?xml version="1.0" encoding="UTF-8"?>
<testsuite xmlns:xsi="http://www.w3.org/2001/XMLSchema-instance" xsi:schemaLocation="https://maven.apache.org/surefire/maven-surefire-plugin/xsd/surefire-test-report.xsd" name="TestSuite" time="169.823" tests="7" errors="0" skipped="4" failures="3">
  <properties>
[...]
</properties>
  <testcase name="sign_in" classname="com.ee.mavenlearning.com.ee.gmail.signin" time="29.907">
    <failure message="Timed out after 10 seconds waiting for visibility of [[RemoteWebDriver: firefox on WINDOWS (7a4a5426-edce-4849-b262-de1782a90217)] -&gt; xpath: .//*[@id=&apos;:j&apos;]/span]&#10;Build info: version: &apos;2.53.0&apos;, revision: &apos;35ae25b1534ae328c771e0856c93e187490ca824&apos;, time: &apos;2016-03-15 10:43:46&apos;&#10;System info: host: &apos;paresh-PC&apos;, ip: &apos;192.168.56.1&apos;, os.name: &apos;Windows 10&apos;, os.arch: &apos;x86&apos;, os.version: &apos;10.0&apos;, java.version: &apos;1.8.0_92&apos;&#10;Driver info: org.openqa.selenium.remote.RemoteWebDriver&#10;Capabilities [{applicationCacheEnabled=true, rotatable=false, databaseEnabled=true, handlesAlerts=true, version=45.0, platform=WINDOWS, nativeEvents=false, acceptSslCerts=true, webdriver.remote.sessionid=7a4a5426-edce-4849-b262-de1782a90217, locationContextEnabled=true, webStorageEnabled=true, browserName=firefox, takesScreenshot=true, javascriptEnabled=true, cssSelectorsEnabled=true}]&#10;Session ID: 7a4a5426-edce-4849-b262-de1782a90217" type="org.openqa.selenium.TimeoutException">org.openqa.selenium.TimeoutException: 
Timed out after 10 seconds waiting for visibility of [[RemoteWebDriver: firefox on WINDOWS (7a4a5426-edce-4849-b262-de1782a90217)] -> xpath: .//*[@id=':j']/span]
Build info: version: '2.53.0', revision: '35ae25b1534ae328c771e0856c93e187490ca824', time: '2016-03-15 10:43:46'
System info: host: 'paresh-PC', ip: '192.168.56.1', os.name: 'Windows 10', os.arch: 'x86', os.version: '10.0', java.version: '1.8.0_92'
Driver info: org.openqa.selenium.remote.RemoteWebDriver
Capabilities [{applicationCacheEnabled=true, rotatable=false, databaseEnabled=true, handlesAlerts=true, version=45.0, platform=WINDOWS, nativeEvents=false, acceptSslCerts=true, webdriver.remote.sessionid=7a4a5426-edce-4849-b262-de1782a90217, locationContextEnabled=true, webStorageEnabled=true, browserName=firefox, takesScreenshot=true, javascriptEnabled=true, cssSelectorsEnabled=true}]
Session ID: 7a4a5426-edce-4849-b262-de1782a90217
	at com.ee.mavenlearning.com.ee.gmail.signin.sign_in(signin.java:41)
Caused by: org.openqa.selenium.NoSuchElementException: 
Unable to locate element: {"method":"xpath","selector":".//*[@id=':j']/span"}
For documentation on this error, please visit: http://seleniumhq.org/exceptions/no_such_element.html
Build info: version: '2.53.1', revision: 'a36b8b1', time: '2016-06-30 17:37:03'
System info: host: 'ShivMuni-PC', ip: '192.168.0.4', os.name: 'Windows 8.1', os.arch: 'amd64', os.version: '6.3', java.version: '1.7.0_79'
Driver info: driver.version: unknown
Command duration or timeout: 19.47 seconds
For documentation on this error, please visit: http://seleniumhq.org/exceptions/no_such_element.html
Build info: version: '2.53.0', revision: '35ae25b1534ae328c771e0856c93e187490ca824', time: '2016-03-15 10:43:46'
System info: host: 'paresh-PC', ip: '192.168.56.1', os.name: 'Windows 10', os.arch: 'x86', os.version: '10.0', java.version: '1.8.0_92'
Driver info: org.openqa.selenium.remote.RemoteWebDriver
Capabilities [{applicationCacheEnabled=true, rotatable=false, databaseEnabled=true, handlesAlerts=true, version=45.0, platform=WINDOWS, nativeEvents=false, acceptSslCerts=true, webdriver.remote.sessionid=7a4a5426-edce-4849-b262-de1782a90217, locationContextEnabled=true, webStorageEnabled=true, browserName=firefox, takesScreenshot=true, javascriptEnabled=true, cssSelectorsEnabled=true}]
Session ID: 7a4a5426-edce-4849-b262-de1782a90217
*** Element info: {Using=xpath, value=.//*[@id=':j']/span}
	at com.ee.mavenlearning.com.ee.gmail.signin.sign_in(signin.java:41)
Caused by: org.openqa.selenium.remote.ScreenshotException: 
Screen shot has been taken
Build info: version: '2.53.0', revision: '35ae25b1534ae328c771e0856c93e187490ca824', time: '2016-03-15 10:43:46'
System info: host: 'paresh-PC', ip: '192.168.56.1', os.name: 'Windows 10', os.arch: 'x86', os.version: '10.0', java.version: '1.8.0_92'
Driver info: driver.version: RemoteWebDriver
	at com.ee.mavenlearning.com.ee.gmail.signin.sign_in(signin.java:41)
Caused by: org.openqa.selenium.NoSuchElementException: 
Unable to locate element: {"method":"xpath","selector":".//*[@id=':j']/span"}
For documentation on this error, please visit: http://seleniumhq.org/exceptions/no_such_element.html
Build info: version: '2.53.1', revision: 'a36b8b1', time: '2016-06-30 17:37:03'
System info: host: 'ShivMuni-PC', ip: '192.168.0.4', os.name: 'Windows 8.1', os.arch: 'amd64', os.version: '6.3', java.version: '1.7.0_79'
Driver info: driver.version: unknown
For documentation on this error, please visit: http://seleniumhq.org/exceptions/no_such_element.html
Build info: version: '2.53.0', revision: '35ae25b1534ae328c771e0856c93e187490ca824', time: '2016-03-15 10:43:46'
System info: host: 'paresh-PC', ip: '192.168.56.1', os.name: 'Windows 10', os.arch: 'x86', os.version: '10.0', java.version: '1.8.0_92'
Driver info: driver.version: unknown
</failure>
  </testcase>
  <testcase name="setup" classname="com.ee.mavenlearning.com.ee.gmail.compose_mail" time="93.67">
    <failure message="Timed out after 10 seconds waiting for visibility of [[RemoteWebDriver: firefox on WINDOWS (94030fa7-ab76-49b4-b144-d2e5c71fbebf)] -&gt; xpath: .//*[@id=&apos;:j&apos;]/span]&#10;Build info: version: &apos;2.53.0&apos;, revision: &apos;35ae25b1534ae328c771e0856c93e187490ca824&apos;, time: &apos;2016-03-15 10:43:46&apos;&#10;System info: host: &apos;paresh-PC&apos;, ip: &apos;192.168.56.1&apos;, os.name: &apos;Windows 10&apos;, os.arch: &apos;x86&apos;, os.version: &apos;10.0&apos;, java.version: &apos;1.8.0_92&apos;&#10;Driver info: org.openqa.selenium.remote.RemoteWebDriver&#10;Capabilities [{applicationCacheEnabled=true, rotatable=false, databaseEnabled=true, handlesAlerts=true, version=45.0, platform=WINDOWS, nativeEvents=false, acceptSslCerts=true, webdriver.remote.sessionid=94030fa7-ab76-49b4-b144-d2e5c71fbebf, locationContextEnabled=true, webStorageEnabled=true, browserName=firefox, takesScreenshot=true, javascriptEnabled=true, cssSelectorsEnabled=true}]&#10;Session ID: 94030fa7-ab76-49b4-b144-d2e5c71fbebf" type="org.openqa.selenium.TimeoutException">org.openqa.selenium.TimeoutException: 
Timed out after 10 seconds waiting for visibility of [[RemoteWebDriver: firefox on WINDOWS (94030fa7-ab76-49b4-b144-d2e5c71fbebf)] -> xpath: .//*[@id=':j']/span]
Build info: version: '2.53.0', revision: '35ae25b1534ae328c771e0856c93e187490ca824', time: '2016-03-15 10:43:46'
System info: host: 'paresh-PC', ip: '192.168.56.1', os.name: 'Windows 10', os.arch: 'x86', os.version: '10.0', java.version: '1.8.0_92'
Driver info: org.openqa.selenium.remote.RemoteWebDriver
Capabilities [{applicationCacheEnabled=true, rotatable=false, databaseEnabled=true, handlesAlerts=true, version=45.0, platform=WINDOWS, nativeEvents=false, acceptSslCerts=true, webdriver.remote.sessionid=94030fa7-ab76-49b4-b144-d2e5c71fbebf, locationContextEnabled=true, webStorageEnabled=true, browserName=firefox, takesScreenshot=true, javascriptEnabled=true, cssSelectorsEnabled=true}]
Session ID: 94030fa7-ab76-49b4-b144-d2e5c71fbebf
	at com.ee.mavenlearning.com.ee.gmail.compose_mail.setup(compose_mail.java:35)
Caused by: org.openqa.selenium.NoSuchElementException: 
Unable to locate element: {"method":"xpath","selector":".//*[@id=':j']/span"}
For documentation on this error, please visit: http://seleniumhq.org/exceptions/no_such_element.html
Build info: version: '2.53.1', revision: 'a36b8b1', time: '2016-06-30 17:37:03'
System info: host: 'ShivMuni-PC', ip: '192.168.0.4', os.name: 'Windows 8.1', os.arch: 'amd64', os.version: '6.3', java.version: '1.7.0_79'
Driver info: driver.version: unknown
Command duration or timeout: 16.97 seconds
For documentation on this error, please visit: http://seleniumhq.org/exceptions/no_such_element.html
Build info: version: '2.53.0', revision: '35ae25b1534ae328c771e0856c93e187490ca824', time: '2016-03-15 10:43:46'
System info: host: 'paresh-PC', ip: '192.168.56.1', os.name: 'Windows 10', os.arch: 'x86', os.version: '10.0', java.version: '1.8.0_92'
Driver info: org.openqa.selenium.remote.RemoteWebDriver
Capabilities [{applicationCacheEnabled=true, rotatable=false, databaseEnabled=true, handlesAlerts=true, version=45.0, platform=WINDOWS, nativeEvents=false, acceptSslCerts=true, webdriver.remote.sessionid=94030fa7-ab76-49b4-b144-d2e5c71fbebf, locationContextEnabled=true, webStorageEnabled=true, browserName=firefox, takesScreenshot=true, javascriptEnabled=true, cssSelectorsEnabled=true}]
Session ID: 94030fa7-ab76-49b4-b144-d2e5c71fbebf
*** Element info: {Using=xpath, value=.//*[@id=':j']/span}
	at com.ee.mavenlearning.com.ee.gmail.compose_mail.setup(compose_mail.java:35)
Caused by: org.openqa.selenium.remote.ScreenshotException: 
Screen shot has been taken
Build info: version: '2.53.0', revision: '35ae25b1534ae328c771e0856c93e187490ca824', time: '2016-03-15 10:43:46'
System info: host: 'paresh-PC', ip: '192.168.56.1', os.name: 'Windows 10', os.arch: 'x86', os.version: '10.0', java.version: '1.8.0_92'
Driver info: driver.version: RemoteWebDriver
	at com.ee.mavenlearning.com.ee.gmail.compose_mail.setup(compose_mail.java:35)
Caused by: org.openqa.selenium.NoSuchElementException: 
Unable to locate element: {"method":"xpath","selector":".//*[@id=':j']/span"}
For documentation on this error, please visit: http://seleniumhq.org/exceptions/no_such_element.html
Build info: version: '2.53.1', revision: 'a36b8b1', time: '2016-06-30 17:37:03'
System info: host: 'ShivMuni-PC', ip: '192.168.0.4', os.name: 'Windows 8.1', os.arch: 'amd64', os.version: '6.3', java.version: '1.7.0_79'
Driver info: driver.version: unknown
For documentation on this error, please visit: http://seleniumhq.org/exceptions/no_such_element.html
Build info: version: '2.53.0', revision: '35ae25b1534ae328c771e0856c93e187490ca824', time: '2016-03-15 10:43:46'
System info: host: 'paresh-PC', ip: '192.168.56.1', os.name: 'Windows 10', os.arch: 'x86', os.version: '10.0', java.version: '1.8.0_92'
Driver info: driver.version: unknown
</failure>
  </testcase>
  <testcase name="compose" classname="com.ee.mavenlearning.com.ee.gmail.compose_mail" time="0">
    <skipped/>
  </testcase>
  <testcase name="close" classname="com.ee.mavenlearning.com.ee.gmail.compose_mail" time="0">
    <skipped/>
  </testcase>
  <testcase name="setup" classname="com.ee.mavenlearning.com.ee.gmail.deleting_sentlist" time="52.247">
    <failure message="Timed out after 10 seconds waiting for visibility of [[RemoteWebDriver: firefox on WINDOWS (881e39c3-09cc-4b0c-bd4b-d21e531224a3)] -&gt; xpath: .//*[@id=&apos;:j&apos;]/span]&#10;Build info: version: &apos;2.53.0&apos;, revision: &apos;35ae25b1534ae328c771e0856c93e187490ca824&apos;, time: &apos;2016-03-15 10:43:46&apos;&#10;System info: host: &apos;paresh-PC&apos;, ip: &apos;192.168.56.1&apos;, os.name: &apos;Windows 10&apos;, os.arch: &apos;x86&apos;, os.version: &apos;10.0&apos;, java.version: &apos;1.8.0_92&apos;&#10;Driver info: org.openqa.selenium.remote.RemoteWebDriver&#10;Capabilities [{applicationCacheEnabled=true, rotatable=false, databaseEnabled=true, handlesAlerts=true, version=45.0, platform=WINDOWS, nativeEvents=false, acceptSslCerts=true, webdriver.remote.sessionid=881e39c3-09cc-4b0c-bd4b-d21e531224a3, locationContextEnabled=true, webStorageEnabled=true, browserName=firefox, takesScreenshot=true, javascriptEnabled=true, cssSelectorsEnabled=true}]&#10;Session ID: 881e39c3-09cc-4b0c-bd4b-d21e531224a3" type="org.openqa.selenium.TimeoutException">org.openqa.selenium.TimeoutException: 
Timed out after 10 seconds waiting for visibility of [[RemoteWebDriver: firefox on WINDOWS (881e39c3-09cc-4b0c-bd4b-d21e531224a3)] -> xpath: .//*[@id=':j']/span]
Build info: version: '2.53.0', revision: '35ae25b1534ae328c771e0856c93e187490ca824', time: '2016-03-15 10:43:46'
System info: host: 'paresh-PC', ip: '192.168.56.1', os.name: 'Windows 10', os.arch: 'x86', os.version: '10.0', java.version: '1.8.0_92'
Driver info: org.openqa.selenium.remote.RemoteWebDriver
Capabilities [{applicationCacheEnabled=true, rotatable=false, databaseEnabled=true, handlesAlerts=true, version=45.0, platform=WINDOWS, nativeEvents=false, acceptSslCerts=true, webdriver.remote.sessionid=881e39c3-09cc-4b0c-bd4b-d21e531224a3, locationContextEnabled=true, webStorageEnabled=true, browserName=firefox, takesScreenshot=true, javascriptEnabled=true, cssSelectorsEnabled=true}]
Session ID: 881e39c3-09cc-4b0c-bd4b-d21e531224a3
	at com.ee.mavenlearning.com.ee.gmail.deleting_sentlist.setup(deleting_sentlist.java:33)
Caused by: org.openqa.selenium.NoSuchElementException: 
Unable to locate element: {"method":"xpath","selector":".//*[@id=':j']/span"}
For documentation on this error, please visit: http://seleniumhq.org/exceptions/no_such_element.html
Build info: version: '2.53.1', revision: 'a36b8b1', time: '2016-06-30 17:37:03'
System info: host: 'ShivMuni-PC', ip: '192.168.0.4', os.name: 'Windows 8.1', os.arch: 'amd64', os.version: '6.3', java.version: '1.7.0_79'
Driver info: driver.version: unknown
Command duration or timeout: 19.53 seconds
For documentation on this error, please visit: http://seleniumhq.org/exceptions/no_such_element.html
Build info: version: '2.53.0', revision: '35ae25b1534ae328c771e0856c93e187490ca824', time: '2016-03-15 10:43:46'
System info: host: 'paresh-PC', ip: '192.168.56.1', os.name: 'Windows 10', os.arch: 'x86', os.version: '10.0', java.version: '1.8.0_92'
Driver info: org.openqa.selenium.remote.RemoteWebDriver
Capabilities [{applicationCacheEnabled=true, rotatable=false, databaseEnabled=true, handlesAlerts=true, version=45.0, platform=WINDOWS, nativeEvents=false, acceptSslCerts=true, webdriver.remote.sessionid=881e39c3-09cc-4b0c-bd4b-d21e531224a3, locationContextEnabled=true, webStorageEnabled=true, browserName=firefox, takesScreenshot=true, javascriptEnabled=true, cssSelectorsEnabled=true}]
Session ID: 881e39c3-09cc-4b0c-bd4b-d21e531224a3
*** Element info: {Using=xpath, value=.//*[@id=':j']/span}
	at com.ee.mavenlearning.com.ee.gmail.deleting_sentlist.setup(deleting_sentlist.java:33)
Caused by: org.openqa.selenium.remote.ScreenshotException: 
Screen shot has been taken
Build info: version: '2.53.0', revision: '35ae25b1534ae328c771e0856c93e187490ca824', time: '2016-03-15 10:43:46'
System info: host: 'paresh-PC', ip: '192.168.56.1', os.name: 'Windows 10', os.arch: 'x86', os.version: '10.0', java.version: '1.8.0_92'
Driver info: driver.version: RemoteWebDriver
	at com.ee.mavenlearning.com.ee.gmail.deleting_sentlist.setup(deleting_sentlist.java:33)
Caused by: org.openqa.selenium.NoSuchElementException: 
Unable to locate element: {"method":"xpath","selector":".//*[@id=':j']/span"}
For documentation on this error, please visit: http://seleniumhq.org/exceptions/no_such_element.html
Build info: version: '2.53.1', revision: 'a36b8b1', time: '2016-06-30 17:37:03'
System info: host: 'ShivMuni-PC', ip: '192.168.0.4', os.name: 'Windows 8.1', os.arch: 'amd64', os.version: '6.3', java.version: '1.7.0_79'
Driver info: driver.version: unknown
For documentation on this error, please visit: http://seleniumhq.org/exceptions/no_such_element.html
Build info: version: '2.53.0', revision: '35ae25b1534ae328c771e0856c93e187490ca824', time: '2016-03-15 10:43:46'
System info: host: 'paresh-PC', ip: '192.168.56.1', os.name: 'Windows 10', os.arch: 'x86', os.version: '10.0', java.version: '1.8.0_92'
Driver info: driver.version: unknown
</failure>
  </testcase>
  <testcase name="delete" classname="com.ee.mavenlearning.com.ee.gmail.deleting_sentlist" time="0">
    <skipped/>
  </testcase>
  <testcase name="close" classname="com.ee.mavenlearning.com.ee.gmail.deleting_sentlist" time="0">
    <skipped/>
  </testcase>
</testsuite>