<?xml version="1.0" encoding="UTF-8"?>
<testng-results skipped="0" failed="0" total="1" passed="1">
  <reporter-output>
  </reporter-output>
  <suite name="Default suite" duration-ms="54399" started-at="2016-07-06T10:24:51Z" finished-at="2016-07-06T10:25:46Z">
    <groups>
    </groups>
    <test name="Default test" duration-ms="54399" started-at="2016-07-06T10:24:51Z" finished-at="2016-07-06T10:25:46Z">
      <class name="com.ee.mavenlearning.com.ee.gmail.compose_mail">
        <test-method status="PASS" signature="setup()[pri:0, instance:com.ee.mavenlearning.com.ee.gmail.compose_mail@1375618]" name="setup" is-config="true" duration-ms="15130" started-at="2016-07-06T15:54:51Z" finished-at="2016-07-06T15:55:07Z">
          <reporter-output>
          </reporter-output>
        </test-method> <!-- setup -->
        <test-method status="PASS" signature="compose(java.lang.String, java.lang.String, java.lang.String, java.lang.String, java.lang.String)[pri:0, instance:com.ee.mavenlearning.com.ee.gmail.compose_mail@1375618]" name="compose" duration-ms="37981" started-at="2016-07-06T15:55:07Z" data-provider="compse_msg" finished-at="2016-07-06T15:55:45Z">
          <params>
            <param index="0">
              <value>
                <![CDATA[testerpareshpatil@gmail.com]]>
              </value>
            </param>
            <param index="1">
              <value>
                <![CDATA[testerparesh]]>
              </value>
            </param>
            <param index="2">
              <value>
                <![CDATA[amitsinghcccc@gmail.com]]>
              </value>
            </param>
            <param index="3">
              <value>
                <![CDATA[testing]]>
              </value>
            </param>
            <param index="4">
              <value>
                <![CDATA[hiiiii]]>
              </value>
            </param>
          </params>
          <reporter-output>
          </reporter-output>
        </test-method> <!-- compose -->
        <test-method status="PASS" signature="close()[pri:0, instance:com.ee.mavenlearning.com.ee.gmail.compose_mail@1375618]" name="close" is-config="true" duration-ms="1000" started-at="2016-07-06T15:55:45Z" finished-at="2016-07-06T15:55:46Z">
          <reporter-output>
          </reporter-output>
        </test-method> <!-- close -->
      </class> <!-- com.ee.mavenlearning.com.ee.gmail.compose_mail -->
    </test> <!-- Default test -->
  </suite> <!-- Default suite -->
</testng-results>
